<?xml version="1.0" encoding="UTF-8"?>
<!-- Generated by org.testng.reporters.JUnitXMLReporter -->
<testsuite ignored="4" hostname="LAPTOP-S8KVD42F" failures="0" tests="5" name="Default test" time="47.108" errors="0" timestamp="2023-12-25T10:37:40 GMT-05:00">
  <testcase classname="automationcodeofapplication.LoginTest" name="Logout" time="4.81"/>
  <testcase classname="automationcodeofapplication.LoginTest" name="Logout" time="5.062"/>
  <testcase classname="automationcodeofapplication.LoginTest" name="Logout" time="4.879"/>
  <testcase classname="automationcodeofapplication.LoginTest" name="Logout" time="9.929"/>
  <testcase classname="automationcodeofapplication.LoginTest" name="Logout" time="4.813"/>
  <testcase classname="automationcodeofapplication.LoginTest" name="verifyLoginWithValidEmailInvalidPassword" time="0.0">
    <ignored/>
  </testcase> <!-- verifyLoginWithValidEmailInvalidPassword -->
  <testcase classname="automationcodeofapplication.LoginTest" name="verifyLoginWithInvalidEmailValidPassword" time="0.0">
    <ignored/>
  </testcase> <!-- verifyLoginWithInvalidEmailValidPassword -->
  <testcase classname="automationcodeofapplication.LoginTest" name="verifyLoginWithValidCredentials" time="0.0">
    <ignored/>
  </testcase> <!-- verifyLoginWithValidCredentials -->
  <testcase classname="automationcodeofapplication.LoginTest" name="verifyLoginWithInvalidCredentials" time="0.0">
    <ignored/>
  </testcase> <!-- verifyLoginWithInvalidCredentials -->
</testsuite> <!-- Default test -->
